[debug] [2025-06-08T16:23:18.666Z] ----------------------------------------------------------------------
[debug] [2025-06-08T16:23:18.667Z] Command:       /home/gahan/.nvm/versions/node/v18.0.0/bin/node /home/gahan/Documents/mfa_titan/TITAN/node_modules/.bin/firebase emulators:start --only functions
[debug] [2025-06-08T16:23:18.668Z] CLI Version:   13.18.0
[debug] [2025-06-08T16:23:18.668Z] Platform:      linux
[debug] [2025-06-08T16:23:18.668Z] Node Version:  v18.0.0
[debug] [2025-06-08T16:23:18.668Z] Time:          Sun Jun 08 2025 12:23:18 GMT-0400 (Eastern Daylight Time)
[debug] [2025-06-08T16:23:18.668Z] ----------------------------------------------------------------------
[debug] 
[debug] [2025-06-08T16:23:18.702Z] > command requires scopes: ["email","openid","https://www.googleapis.com/auth/cloudplatformprojects.readonly","https://www.googleapis.com/auth/firebase","https://www.googleapis.com/auth/cloud-platform"]
[info] i  emulators: Starting emulators: functions {"metadata":{"emulator":{"name":"hub"},"message":"Starting emulators: functions"}}
[debug] [2025-06-08T16:23:18.816Z] [logging] Logging Emulator only supports listening on one address (127.0.0.1). Not listening on ::1
[debug] [2025-06-08T16:23:18.816Z] assigned listening specs for emulators {"user":{"hub":[{"address":"127.0.0.1","family":"IPv4","port":4400},{"address":"::1","family":"IPv6","port":4400}],"ui":[{"address":"127.0.0.1","family":"IPv4","port":4000},{"address":"::1","family":"IPv6","port":4000}],"logging":[{"address":"127.0.0.1","family":"IPv4","port":4500}]},"metadata":{"message":"assigned listening specs for emulators"}}
[debug] [2025-06-08T16:23:18.818Z] [hub] writing locator at /tmp/hub-titan-49df0.json
[debug] [2025-06-08T16:23:18.820Z] [functions] Functions Emulator only supports listening on one address (127.0.0.1). Not listening on ::1
[debug] [2025-06-08T16:23:18.820Z] [eventarc] Eventarc Emulator only supports listening on one address (127.0.0.1). Not listening on ::1
[debug] [2025-06-08T16:23:18.820Z] [tasks] Cloud Tasks Emulator only supports listening on one address (127.0.0.1). Not listening on ::1
[debug] [2025-06-08T16:23:18.820Z] late-assigned ports for functions and eventarc emulators {"user":{"hub":[{"address":"127.0.0.1","family":"IPv4","port":4400},{"address":"::1","family":"IPv6","port":4400}],"ui":[{"address":"127.0.0.1","family":"IPv4","port":4000},{"address":"::1","family":"IPv6","port":4000}],"logging":[{"address":"127.0.0.1","family":"IPv4","port":4500}],"functions":[{"address":"127.0.0.1","family":"IPv4","port":5001}],"eventarc":[{"address":"127.0.0.1","family":"IPv4","port":9299}],"tasks":[{"address":"127.0.0.1","family":"IPv4","port":9499}]},"metadata":{"message":"late-assigned ports for functions and eventarc emulators"}}
[warn] ⚠  functions: The following emulators are not running, calls to these services from the Functions emulator will affect production: auth, firestore, database, hosting, pubsub, storage, dataconnect {"metadata":{"emulator":{"name":"functions"},"message":"The following emulators are not running, calls to these services from the Functions emulator will affect production: \u001b[1mauth, firestore, database, hosting, pubsub, storage, dataconnect\u001b[22m"}}
[warn] ⚠  functions: Your GOOGLE_APPLICATION_CREDENTIALS environment variable points to /home/gahan/Downloads/titan.json. Non-emulated services will access production using these credentials. Be careful! {"metadata":{"emulator":{"name":"functions"},"message":"Your GOOGLE_APPLICATION_CREDENTIALS environment variable points to /home/gahan/Downloads/titan.json. Non-emulated services will access production using these credentials. Be careful!"}}
[debug] [2025-06-08T16:23:18.822Z] >>> [apiv2][query] GET https://firebase.googleapis.com/v1beta1/projects/titan-49df0/adminSdkConfig [none]
[debug] [2025-06-08T16:23:19.558Z] <<< [apiv2][status] GET https://firebase.googleapis.com/v1beta1/projects/titan-49df0/adminSdkConfig 200
[debug] [2025-06-08T16:23:19.558Z] <<< [apiv2][body] GET https://firebase.googleapis.com/v1beta1/projects/titan-49df0/adminSdkConfig {"projectId":"titan-49df0","databaseURL":"https://titan-49df0-default-rtdb.firebaseio.com","storageBucket":"titan-49df0.appspot.com","locationId":"us-central"}
[debug] [2025-06-08T16:23:19.569Z] Ignoring unsupported arg: auto_download {"metadata":{"emulator":{"name":"ui"},"message":"Ignoring unsupported arg: auto_download"}}
[debug] [2025-06-08T16:23:19.569Z] Ignoring unsupported arg: port {"metadata":{"emulator":{"name":"ui"},"message":"Ignoring unsupported arg: port"}}
[debug] [2025-06-08T16:23:19.569Z] Starting Emulator UI with command {"binary":"node","args":["/home/gahan/.cache/firebase/emulators/ui-v1.13.0/server/server.mjs"],"optionalArgs":[],"joinArgs":false,"shell":false} {"metadata":{"emulator":{"name":"ui"},"message":"Starting Emulator UI with command {\"binary\":\"node\",\"args\":[\"/home/gahan/.cache/firebase/emulators/ui-v1.13.0/server/server.mjs\"],\"optionalArgs\":[],\"joinArgs\":false,\"shell\":false}"}}
[info] i  ui: Emulator UI logging to ui-debug.log {"metadata":{"emulator":{"name":"ui"},"message":"Emulator UI logging to \u001b[1mui-debug.log\u001b[22m"}}
[debug] [2025-06-08T16:23:19.640Z] Web / API server started at 127.0.0.1:4000
Web / API server started at ::1:4000
 {"metadata":{"emulator":{"name":"ui"},"message":"Web / API server started at 127.0.0.1:4000\nWeb / API server started at ::1:4000\n"}}
[info] i  functions: Watching "/home/gahan/Documents/mfa_titan/TITAN/functions" for Cloud Functions... {"metadata":{"emulator":{"name":"functions"},"message":"Watching \"/home/gahan/Documents/mfa_titan/TITAN/functions\" for Cloud Functions..."}}
[debug] [2025-06-08T16:23:19.783Z] Validating nodejs source
[warn] ⚠  functions: package.json indicates an outdated version of firebase-functions. Please upgrade using npm install --save firebase-functions@latest in your functions directory. 
[warn] ⚠  functions: Please note that there will be breaking changes when you upgrade. 
[debug] [2025-06-08T16:23:20.089Z] > [functions] package.json contents: {
  "name": "functions",
  "description": "Cloud Functions for Firebase",
  "scripts": {
    "serve": "firebase emulators:start --only functions",
    "shell": "firebase functions:shell",
    "start": "npm run shell",
    "deploy": "firebase deploy --only functions",
    "logs": "firebase functions:log"
  },
  "engines": {
    "node": "18"
  },
  "main": "index.js",
  "dependencies": {
    "firebase-admin": "^12.1.0",
    "firebase-functions": "^5.0.0"
  },
  "devDependencies": {
    "firebase-functions-test": "^3.1.0",
    "firebase-tools": "^13.11.4"
  },
  "private": true
}
[debug] [2025-06-08T16:23:20.089Z] Building nodejs source
[debug] [2025-06-08T16:23:20.090Z] Failed to find version of module node: reached end of search path /home/gahan/Documents/mfa_titan/TITAN/functions/node_modules
[info] ✔  functions: Using node@18 from host. 
[debug] [2025-06-08T16:23:20.091Z] Could not find functions.yaml. Must use http discovery
[debug] [2025-06-08T16:23:20.092Z] Found firebase-functions binary at '/home/gahan/Documents/mfa_titan/TITAN/functions/node_modules/.bin/firebase-functions'
[info] Serving at port 8512

[debug] [2025-06-08T16:23:20.374Z] Got response from /__/functions.yaml {"endpoints":{"deleteUserFn":{"platform":"gcfv1","labels":{},"availableMemoryMb":null,"timeoutSeconds":null,"minInstances":null,"maxInstances":null,"ingressSettings":null,"serviceAccountEmail":null,"vpc":null,"callableTrigger":{},"entryPoint":"deleteUserFn"},"adminReminder":{"availableMemoryMb":null,"timeoutSeconds":null,"minInstances":null,"maxInstances":null,"ingressSettings":null,"concurrency":null,"serviceAccountEmail":null,"vpc":null,"platform":"gcfv2","labels":{},"scheduleTrigger":{"schedule":"35 10 * * 1","retryConfig":{"retryCount":null,"maxDoublings":null,"maxRetrySeconds":null,"minBackoffSeconds":null,"maxBackoffSeconds":null},"timeZone":null},"entryPoint":"adminReminder"},"UserRenewalStatusUpdateFn":{"availableMemoryMb":null,"timeoutSeconds":null,"minInstances":null,"maxInstances":null,"ingressSettings":null,"concurrency":null,"serviceAccountEmail":null,"vpc":null,"platform":"gcfv2","labels":{},"scheduleTrigger":{"schedule":"30 9 1 * *","retryConfig":{"retryCount":null,"maxDoublings":null,"maxRetrySeconds":null,"minBackoffSeconds":null,"maxBackoffSeconds":null},"timeZone":null},"entryPoint":"UserRenewalStatusUpdateFn"},"userSignUpFn":{"platform":"gcfv1","labels":{},"availableMemoryMb":null,"timeoutSeconds":null,"minInstances":null,"maxInstances":null,"ingressSettings":null,"serviceAccountEmail":null,"vpc":null,"callableTrigger":{},"entryPoint":"userSignUpFn"},"getUserStatus":{"platform":"gcfv1","labels":{},"availableMemoryMb":null,"timeoutSeconds":null,"minInstances":null,"maxInstances":null,"ingressSettings":null,"serviceAccountEmail":null,"vpc":null,"callableTrigger":{},"entryPoint":"getUserStatus"}},"specVersion":"v1alpha1","requiredAPIs":[{"api":"cloudscheduler.googleapis.com","reason":"Needed for scheduled functions."}],"extensions":{}}
[info] ✔  functions: Loaded functions definitions from source: deleteUserFn, adminReminder, UserRenewalStatusUpdateFn, userSignUpFn, getUserStatus. {"metadata":{"emulator":{"name":"functions"},"message":"Loaded functions definitions from source: deleteUserFn, adminReminder, UserRenewalStatusUpdateFn, userSignUpFn, getUserStatus."}}
[info] ✔  functions[us-central1-deleteUserFn]: http function initialized (http://127.0.0.1:5001/titan-49df0/us-central1/deleteUserFn). {"metadata":{"emulator":{"name":"functions"},"message":"\u001b[1mhttp\u001b[22m function initialized (http://127.0.0.1:5001/titan-49df0/us-central1/deleteUserFn)."}}
[info] i  functions[us-central1-adminReminder]: function ignored because the pubsub emulator does not exist or is not running. {"metadata":{"emulator":{"name":"functions"},"message":"function ignored because the pubsub emulator does not exist or is not running."}}
[info] i  functions[us-central1-UserRenewalStatusUpdateFn]: function ignored because the pubsub emulator does not exist or is not running. {"metadata":{"emulator":{"name":"functions"},"message":"function ignored because the pubsub emulator does not exist or is not running."}}
[info] ✔  functions[us-central1-userSignUpFn]: http function initialized (http://127.0.0.1:5001/titan-49df0/us-central1/userSignUpFn). {"metadata":{"emulator":{"name":"functions"},"message":"\u001b[1mhttp\u001b[22m function initialized (http://127.0.0.1:5001/titan-49df0/us-central1/userSignUpFn)."}}
[info] ✔  functions[us-central1-getUserStatus]: http function initialized (http://127.0.0.1:5001/titan-49df0/us-central1/getUserStatus). {"metadata":{"emulator":{"name":"functions"},"message":"\u001b[1mhttp\u001b[22m function initialized (http://127.0.0.1:5001/titan-49df0/us-central1/getUserStatus)."}}
[info] 
┌─────────────────────────────────────────────────────────────┐
│ ✔  All emulators ready! It is now safe to connect your app. │
│ i  View Emulator UI at http://127.0.0.1:4000/               │
└─────────────────────────────────────────────────────────────┘

┌───────────┬────────────────┬─────────────────────────────────┐
│ Emulator  │ Host:Port      │ View in Emulator UI             │
├───────────┼────────────────┼─────────────────────────────────┤
│ Functions │ 127.0.0.1:5001 │ http://127.0.0.1:4000/functions │
└───────────┴────────────────┴─────────────────────────────────┘
  Emulator Hub running at 127.0.0.1:4400
  Other reserved ports: 4500

Issues? Report them at https://github.com/firebase/firebase-tools/issues and attach the *-debug.log files.
 
[debug] [2025-06-08T16:23:24.144Z] [work-queue] {"queuedWork":["/titan-49df0/us-central1/getUserStatus-2025-06-08T16:23:24.144Z"],"queueLength":1,"runningWork":[],"workRunningCount":0}
[debug] [2025-06-08T16:23:24.144Z] [work-queue] {"queuedWork":[],"queueLength":0,"runningWork":["/titan-49df0/us-central1/getUserStatus-2025-06-08T16:23:24.144Z"],"workRunningCount":1}
[debug] [2025-06-08T16:23:24.144Z] Accepted request OPTIONS /titan-49df0/us-central1/getUserStatus --> us-central1-getUserStatus
[debug] [2025-06-08T16:23:24.144Z] [functions] Runtime ready! Sending request! {"metadata":{"emulator":{"name":"functions"},"message":"[functions] Runtime ready! Sending request!"}}
[debug] [2025-06-08T16:23:24.145Z] [functions] Got req.url=/titan-49df0/us-central1/getUserStatus, mapping to path=/ {"metadata":{"emulator":{"name":"functions"},"message":"[functions] Got req.url=/titan-49df0/us-central1/getUserStatus, mapping to path=/"}}
[debug] [2025-06-08T16:23:24.152Z] [worker-pool] addWorker(us-central1-getUserStatus) {"metadata":{"emulator":{"name":"functions"},"message":"[worker-pool] addWorker(us-central1-getUserStatus)"}}
[debug] [2025-06-08T16:23:24.153Z] [worker-pool] Adding worker with key us-central1-getUserStatus, total=1 {"metadata":{"emulator":{"name":"functions"},"message":"[worker-pool] Adding worker with key us-central1-getUserStatus, total=1"}}
[debug] [2025-06-08T16:23:24.594Z] [runtime-status] [583143] Resolved module firebase-admin {"declared":true,"installed":true,"version":"12.7.0","resolution":"/home/gahan/Documents/mfa_titan/TITAN/functions/node_modules/firebase-admin/lib/index.js"} {"metadata":{"emulator":{"name":"functions"},"function":{"name":"us-central1-getUserStatus"},"extension":{},"message":"[runtime-status] [583143] Resolved module firebase-admin {\"declared\":true,\"installed\":true,\"version\":\"12.7.0\",\"resolution\":\"/home/gahan/Documents/mfa_titan/TITAN/functions/node_modules/firebase-admin/lib/index.js\"}"}}
[debug] [2025-06-08T16:23:24.594Z] [runtime-status] [583143] Resolved module firebase-functions {"declared":true,"installed":true,"version":"5.1.1","resolution":"/home/gahan/Documents/mfa_titan/TITAN/functions/node_modules/firebase-functions/lib/v1/index.js"} {"metadata":{"emulator":{"name":"functions"},"function":{"name":"us-central1-getUserStatus"},"extension":{},"message":"[runtime-status] [583143] Resolved module firebase-functions {\"declared\":true,\"installed\":true,\"version\":\"5.1.1\",\"resolution\":\"/home/gahan/Documents/mfa_titan/TITAN/functions/node_modules/firebase-functions/lib/v1/index.js\"}"}}
[debug] [2025-06-08T16:23:24.595Z] [runtime-status] [583143] Outgoing network have been stubbed. [{"name":"http","status":"mocked"},{"name":"http","status":"mocked"},{"name":"https","status":"mocked"},{"name":"https","status":"mocked"},{"name":"net","status":"mocked"}] {"metadata":{"emulator":{"name":"functions"},"function":{"name":"us-central1-getUserStatus"},"extension":{},"message":"[runtime-status] [583143] Outgoing network have been stubbed. [{\"name\":\"http\",\"status\":\"mocked\"},{\"name\":\"http\",\"status\":\"mocked\"},{\"name\":\"https\",\"status\":\"mocked\"},{\"name\":\"https\",\"status\":\"mocked\"},{\"name\":\"net\",\"status\":\"mocked\"}]"}}
[debug] [2025-06-08T16:23:24.595Z] [runtime-status] [583143] Resolved module firebase-functions {"declared":true,"installed":true,"version":"5.1.1","resolution":"/home/gahan/Documents/mfa_titan/TITAN/functions/node_modules/firebase-functions/lib/v1/index.js"} {"metadata":{"emulator":{"name":"functions"},"function":{"name":"us-central1-getUserStatus"},"extension":{},"message":"[runtime-status] [583143] Resolved module firebase-functions {\"declared\":true,\"installed\":true,\"version\":\"5.1.1\",\"resolution\":\"/home/gahan/Documents/mfa_titan/TITAN/functions/node_modules/firebase-functions/lib/v1/index.js\"}"}}
[debug] [2025-06-08T16:23:24.679Z] [runtime-status] [583143] Checked functions.config() {"config":{}} {"metadata":{"emulator":{"name":"functions"},"function":{"name":"us-central1-getUserStatus"},"extension":{},"message":"[runtime-status] [583143] Checked functions.config() {\"config\":{}}"}}
[debug] [2025-06-08T16:23:24.679Z] [runtime-status] [583143] firebase-functions has been stubbed. {"functionsResolution":{"declared":true,"installed":true,"version":"5.1.1","resolution":"/home/gahan/Documents/mfa_titan/TITAN/functions/node_modules/firebase-functions/lib/v1/index.js"}} {"metadata":{"emulator":{"name":"functions"},"function":{"name":"us-central1-getUserStatus"},"extension":{},"message":"[runtime-status] [583143] firebase-functions has been stubbed. {\"functionsResolution\":{\"declared\":true,\"installed\":true,\"version\":\"5.1.1\",\"resolution\":\"/home/gahan/Documents/mfa_titan/TITAN/functions/node_modules/firebase-functions/lib/v1/index.js\"}}"}}
[debug] [2025-06-08T16:23:24.679Z] [runtime-status] [583143] Resolved module firebase-functions {"declared":true,"installed":true,"version":"5.1.1","resolution":"/home/gahan/Documents/mfa_titan/TITAN/functions/node_modules/firebase-functions/lib/v1/index.js"} {"metadata":{"emulator":{"name":"functions"},"function":{"name":"us-central1-getUserStatus"},"extension":{},"message":"[runtime-status] [583143] Resolved module firebase-functions {\"declared\":true,\"installed\":true,\"version\":\"5.1.1\",\"resolution\":\"/home/gahan/Documents/mfa_titan/TITAN/functions/node_modules/firebase-functions/lib/v1/index.js\"}"}}
[debug] [2025-06-08T16:23:24.680Z] [runtime-status] [583143] Resolved module firebase-admin {"declared":true,"installed":true,"version":"12.7.0","resolution":"/home/gahan/Documents/mfa_titan/TITAN/functions/node_modules/firebase-admin/lib/index.js"} {"metadata":{"emulator":{"name":"functions"},"function":{"name":"us-central1-getUserStatus"},"extension":{},"message":"[runtime-status] [583143] Resolved module firebase-admin {\"declared\":true,\"installed\":true,\"version\":\"12.7.0\",\"resolution\":\"/home/gahan/Documents/mfa_titan/TITAN/functions/node_modules/firebase-admin/lib/index.js\"}"}}
[debug] [2025-06-08T16:23:24.681Z] [runtime-status] [583143] Resolved module firebase-functions {"declared":true,"installed":true,"version":"5.1.1","resolution":"/home/gahan/Documents/mfa_titan/TITAN/functions/node_modules/firebase-functions/lib/v1/index.js"} {"metadata":{"emulator":{"name":"functions"},"function":{"name":"us-central1-getUserStatus"},"extension":{},"message":"[runtime-status] [583143] Resolved module firebase-functions {\"declared\":true,\"installed\":true,\"version\":\"5.1.1\",\"resolution\":\"/home/gahan/Documents/mfa_titan/TITAN/functions/node_modules/firebase-functions/lib/v1/index.js\"}"}}
[debug] [2025-06-08T16:23:24.681Z] [runtime-status] [583143] firebase-admin has been stubbed. {"adminResolution":{"declared":true,"installed":true,"version":"12.7.0","resolution":"/home/gahan/Documents/mfa_titan/TITAN/functions/node_modules/firebase-admin/lib/index.js"}} {"metadata":{"emulator":{"name":"functions"},"function":{"name":"us-central1-getUserStatus"},"extension":{},"message":"[runtime-status] [583143] firebase-admin has been stubbed. {\"adminResolution\":{\"declared\":true,\"installed\":true,\"version\":\"12.7.0\",\"resolution\":\"/home/gahan/Documents/mfa_titan/TITAN/functions/node_modules/firebase-admin/lib/index.js\"}}"}}
[debug] [2025-06-08T16:23:24.807Z] [runtime-status] [583143] initializeApp(DEFAULT) {"storageBucket":"titan-49df0.appspot.com","databaseURL":"https://titan-49df0-default-rtdb.firebaseio.com","projectId":"titan-49df0"} {"metadata":{"emulator":{"name":"functions"},"function":{"name":"us-central1-getUserStatus"},"extension":{},"message":"[runtime-status] [583143] initializeApp(DEFAULT) {\"storageBucket\":\"titan-49df0.appspot.com\",\"databaseURL\":\"https://titan-49df0-default-rtdb.firebaseio.com\",\"projectId\":\"titan-49df0\"}"}}
[debug] [2025-06-08T16:23:24.810Z] [runtime-status] [583143] Functions runtime initialized. {"cwd":"/home/gahan/Documents/mfa_titan/TITAN/functions","node_version":"18.0.0"} {"metadata":{"emulator":{"name":"functions"},"function":{"name":"us-central1-getUserStatus"},"extension":{},"message":"[runtime-status] [583143] Functions runtime initialized. {\"cwd\":\"/home/gahan/Documents/mfa_titan/TITAN/functions\",\"node_version\":\"18.0.0\"}"}}
[debug] [2025-06-08T16:23:24.810Z] [runtime-status] [583143] Listening to port: /tmp/fire_emu_1430d06692985e90.sock {"metadata":{"emulator":{"name":"functions"},"function":{"name":"us-central1-getUserStatus"},"extension":{},"message":"[runtime-status] [583143] Listening to port: /tmp/fire_emu_1430d06692985e90.sock"}}
[debug] [2025-06-08T16:23:24.859Z] [worker-us-central1-getUserStatus-eca0c6f5-4a03-446d-abda-3c2186771aef]: IDLE {"metadata":{"emulator":{"name":"functions"},"function":{"name":"us-central1-getUserStatus"},"extension":{},"message":"[worker-us-central1-getUserStatus-eca0c6f5-4a03-446d-abda-3c2186771aef]: IDLE"}}
[debug] [2025-06-08T16:23:24.859Z] [worker-pool] submitRequest(triggerId=us-central1-getUserStatus) {"metadata":{"emulator":{"name":"functions"},"message":"[worker-pool] submitRequest(triggerId=us-central1-getUserStatus)"}}
[info] i  functions: Beginning execution of "us-central1-getUserStatus" {"metadata":{"emulator":{"name":"functions"},"function":{"name":"us-central1-getUserStatus"},"extension":{},"message":"Beginning execution of \"us-central1-getUserStatus\""}}
[debug] [2025-06-08T16:23:24.860Z] [worker-us-central1-getUserStatus-eca0c6f5-4a03-446d-abda-3c2186771aef]: BUSY {"metadata":{"emulator":{"name":"functions"},"function":{"name":"us-central1-getUserStatus"},"extension":{},"message":"[worker-us-central1-getUserStatus-eca0c6f5-4a03-446d-abda-3c2186771aef]: BUSY"}}
[debug] [2025-06-08T16:23:24.862Z] Finishing up request with event=pause {"metadata":{"emulator":{"name":"functions"},"function":{"name":"us-central1-getUserStatus"},"extension":{},"message":"Finishing up request with event=pause"}}
[info] i  functions: Finished "us-central1-getUserStatus" in 2.533276ms {"metadata":{"emulator":{"name":"functions"},"function":{"name":"us-central1-getUserStatus"},"extension":{},"message":"Finished \"us-central1-getUserStatus\" in 2.533276ms"}}
[debug] [2025-06-08T16:23:24.862Z] [worker-us-central1-getUserStatus-eca0c6f5-4a03-446d-abda-3c2186771aef]: IDLE {"metadata":{"emulator":{"name":"functions"},"function":{"name":"us-central1-getUserStatus"},"extension":{},"message":"[worker-us-central1-getUserStatus-eca0c6f5-4a03-446d-abda-3c2186771aef]: IDLE"}}
[debug] [2025-06-08T16:23:24.863Z] Finishing up request with event=finish {"metadata":{"emulator":{"name":"functions"},"function":{"name":"us-central1-getUserStatus"},"extension":{},"message":"Finishing up request with event=finish"}}
[debug] [2025-06-08T16:23:24.863Z] Finishing up request with event=close {"metadata":{"emulator":{"name":"functions"},"function":{"name":"us-central1-getUserStatus"},"extension":{},"message":"Finishing up request with event=close"}}
[debug] [2025-06-08T16:23:24.863Z] [work-queue] {"queuedWork":[],"queueLength":0,"runningWork":[],"workRunningCount":0}
[debug] [2025-06-08T16:23:24.864Z] [work-queue] {"queuedWork":["/titan-49df0/us-central1/getUserStatus-2025-06-08T16:23:24.864Z"],"queueLength":1,"runningWork":[],"workRunningCount":0}
[debug] [2025-06-08T16:23:24.864Z] [work-queue] {"queuedWork":[],"queueLength":0,"runningWork":["/titan-49df0/us-central1/getUserStatus-2025-06-08T16:23:24.864Z"],"workRunningCount":1}
[debug] [2025-06-08T16:23:24.864Z] Accepted request POST /titan-49df0/us-central1/getUserStatus --> us-central1-getUserStatus
[debug] [2025-06-08T16:23:24.864Z] [functions] Runtime ready! Sending request! {"metadata":{"emulator":{"name":"functions"},"message":"[functions] Runtime ready! Sending request!"}}
[debug] [2025-06-08T16:23:24.864Z] [functions] Got req.url=/titan-49df0/us-central1/getUserStatus, mapping to path=/ {"metadata":{"emulator":{"name":"functions"},"message":"[functions] Got req.url=/titan-49df0/us-central1/getUserStatus, mapping to path=/"}}
[debug] [2025-06-08T16:23:24.864Z] [worker-pool] submitRequest(triggerId=us-central1-getUserStatus) {"metadata":{"emulator":{"name":"functions"},"message":"[worker-pool] submitRequest(triggerId=us-central1-getUserStatus)"}}
[info] i  functions: Beginning execution of "us-central1-getUserStatus" {"metadata":{"emulator":{"name":"functions"},"function":{"name":"us-central1-getUserStatus"},"extension":{},"message":"Beginning execution of \"us-central1-getUserStatus\""}}
[debug] [2025-06-08T16:23:24.864Z] [worker-us-central1-getUserStatus-eca0c6f5-4a03-446d-abda-3c2186771aef]: BUSY {"metadata":{"emulator":{"name":"functions"},"function":{"name":"us-central1-getUserStatus"},"extension":{},"message":"[worker-us-central1-getUserStatus-eca0c6f5-4a03-446d-abda-3c2186771aef]: BUSY"}}
[info] >  {"verifications":{"app":"MISSING","auth":"MISSING"},"logging.googleapis.com/labels":{"firebase-log-type":"callable-request-verification"},"severity":"DEBUG","message":"Callable request verification passed"} {"user":{"verifications":{"app":"MISSING","auth":"MISSING"},"logging.googleapis.com/labels":{"firebase-log-type":"callable-request-verification"},"severity":"DEBUG","message":"Callable request verification passed"},"metadata":{"emulator":{"name":"functions"},"function":{"name":"us-central1-getUserStatus"},"extension":{},"message":"\u001b[90m> \u001b[39m {\"verifications\":{\"app\":\"MISSING\",\"auth\":\"MISSING\"},\"logging.googleapis.com/labels\":{\"firebase-log-type\":\"callable-request-verification\"},\"severity\":\"DEBUG\",\"message\":\"Callable request verification passed\"}"}}
[debug] [2025-06-08T16:23:24.869Z] [runtime-status] [583143] No callable functions auth found {"metadata":{"emulator":{"name":"functions"},"function":{"name":"us-central1-getUserStatus"},"extension":{},"message":"[runtime-status] [583143] No callable functions auth found"}}
[warn] ⚠  functions: The Firebase Authentication emulator is not running, so calls to Firebase Authentication will affect production. {"metadata":{"emulator":{"name":"functions"},"function":{"name":"us-central1-getUserStatus"},"extension":{},"message":"The Firebase Authentication emulator is not running, so calls to Firebase Authentication will affect production."}}
[warn] ⚠  functions: The Cloud Firestore emulator is not running, so calls to Firestore will affect production. {"metadata":{"emulator":{"name":"functions"},"function":{"name":"us-central1-getUserStatus"},"extension":{},"message":"The Cloud Firestore emulator is not running, so calls to Firestore will affect production."}}
[debug] [2025-06-08T16:23:25.475Z] Finishing up request with event=pause {"metadata":{"emulator":{"name":"functions"},"function":{"name":"us-central1-getUserStatus"},"extension":{},"message":"Finishing up request with event=pause"}}
[info] i  functions: Finished "us-central1-getUserStatus" in 611.124201ms {"metadata":{"emulator":{"name":"functions"},"function":{"name":"us-central1-getUserStatus"},"extension":{},"message":"Finished \"us-central1-getUserStatus\" in 611.124201ms"}}
[debug] [2025-06-08T16:23:25.476Z] [worker-us-central1-getUserStatus-eca0c6f5-4a03-446d-abda-3c2186771aef]: IDLE {"metadata":{"emulator":{"name":"functions"},"function":{"name":"us-central1-getUserStatus"},"extension":{},"message":"[worker-us-central1-getUserStatus-eca0c6f5-4a03-446d-abda-3c2186771aef]: IDLE"}}
[debug] [2025-06-08T16:23:25.476Z] Finishing up request with event=finish {"metadata":{"emulator":{"name":"functions"},"function":{"name":"us-central1-getUserStatus"},"extension":{},"message":"Finishing up request with event=finish"}}
[debug] [2025-06-08T16:23:25.476Z] Finishing up request with event=close {"metadata":{"emulator":{"name":"functions"},"function":{"name":"us-central1-getUserStatus"},"extension":{},"message":"Finishing up request with event=close"}}
[debug] [2025-06-08T16:23:25.476Z] [work-queue] {"queuedWork":[],"queueLength":0,"runningWork":[],"workRunningCount":0}
[debug] [2025-06-08T16:23:50.463Z] [work-queue] {"queuedWork":["/titan-49df0/us-central1/getUserStatus-2025-06-08T16:23:50.463Z"],"queueLength":1,"runningWork":[],"workRunningCount":0}
[debug] [2025-06-08T16:23:50.463Z] [work-queue] {"queuedWork":[],"queueLength":0,"runningWork":["/titan-49df0/us-central1/getUserStatus-2025-06-08T16:23:50.463Z"],"workRunningCount":1}
[debug] [2025-06-08T16:23:50.463Z] Accepted request OPTIONS /titan-49df0/us-central1/getUserStatus --> us-central1-getUserStatus
[debug] [2025-06-08T16:23:50.464Z] [functions] Runtime ready! Sending request! {"metadata":{"emulator":{"name":"functions"},"message":"[functions] Runtime ready! Sending request!"}}
[debug] [2025-06-08T16:23:50.464Z] [functions] Got req.url=/titan-49df0/us-central1/getUserStatus, mapping to path=/ {"metadata":{"emulator":{"name":"functions"},"message":"[functions] Got req.url=/titan-49df0/us-central1/getUserStatus, mapping to path=/"}}
[debug] [2025-06-08T16:23:50.464Z] [worker-pool] submitRequest(triggerId=us-central1-getUserStatus) {"metadata":{"emulator":{"name":"functions"},"message":"[worker-pool] submitRequest(triggerId=us-central1-getUserStatus)"}}
[info] i  functions: Beginning execution of "us-central1-getUserStatus" {"metadata":{"emulator":{"name":"functions"},"function":{"name":"us-central1-getUserStatus"},"extension":{},"message":"Beginning execution of \"us-central1-getUserStatus\""}}
[debug] [2025-06-08T16:23:50.464Z] [worker-us-central1-getUserStatus-eca0c6f5-4a03-446d-abda-3c2186771aef]: BUSY {"metadata":{"emulator":{"name":"functions"},"function":{"name":"us-central1-getUserStatus"},"extension":{},"message":"[worker-us-central1-getUserStatus-eca0c6f5-4a03-446d-abda-3c2186771aef]: BUSY"}}
[debug] [2025-06-08T16:23:50.466Z] Finishing up request with event=pause {"metadata":{"emulator":{"name":"functions"},"function":{"name":"us-central1-getUserStatus"},"extension":{},"message":"Finishing up request with event=pause"}}
[info] i  functions: Finished "us-central1-getUserStatus" in 2.187769ms {"metadata":{"emulator":{"name":"functions"},"function":{"name":"us-central1-getUserStatus"},"extension":{},"message":"Finished \"us-central1-getUserStatus\" in 2.187769ms"}}
[debug] [2025-06-08T16:23:50.467Z] [worker-us-central1-getUserStatus-eca0c6f5-4a03-446d-abda-3c2186771aef]: IDLE {"metadata":{"emulator":{"name":"functions"},"function":{"name":"us-central1-getUserStatus"},"extension":{},"message":"[worker-us-central1-getUserStatus-eca0c6f5-4a03-446d-abda-3c2186771aef]: IDLE"}}
[debug] [2025-06-08T16:23:50.467Z] Finishing up request with event=finish {"metadata":{"emulator":{"name":"functions"},"function":{"name":"us-central1-getUserStatus"},"extension":{},"message":"Finishing up request with event=finish"}}
[debug] [2025-06-08T16:23:50.467Z] Finishing up request with event=close {"metadata":{"emulator":{"name":"functions"},"function":{"name":"us-central1-getUserStatus"},"extension":{},"message":"Finishing up request with event=close"}}
[debug] [2025-06-08T16:23:50.467Z] [work-queue] {"queuedWork":[],"queueLength":0,"runningWork":[],"workRunningCount":0}
[debug] [2025-06-08T16:23:50.468Z] [work-queue] {"queuedWork":["/titan-49df0/us-central1/getUserStatus-2025-06-08T16:23:50.468Z"],"queueLength":1,"runningWork":[],"workRunningCount":0}
[debug] [2025-06-08T16:23:50.468Z] [work-queue] {"queuedWork":[],"queueLength":0,"runningWork":["/titan-49df0/us-central1/getUserStatus-2025-06-08T16:23:50.468Z"],"workRunningCount":1}
[debug] [2025-06-08T16:23:50.468Z] Accepted request POST /titan-49df0/us-central1/getUserStatus --> us-central1-getUserStatus
[debug] [2025-06-08T16:23:50.469Z] [functions] Runtime ready! Sending request! {"metadata":{"emulator":{"name":"functions"},"message":"[functions] Runtime ready! Sending request!"}}
[debug] [2025-06-08T16:23:50.469Z] [functions] Got req.url=/titan-49df0/us-central1/getUserStatus, mapping to path=/ {"metadata":{"emulator":{"name":"functions"},"message":"[functions] Got req.url=/titan-49df0/us-central1/getUserStatus, mapping to path=/"}}
[debug] [2025-06-08T16:23:50.469Z] [worker-pool] submitRequest(triggerId=us-central1-getUserStatus) {"metadata":{"emulator":{"name":"functions"},"message":"[worker-pool] submitRequest(triggerId=us-central1-getUserStatus)"}}
[info] i  functions: Beginning execution of "us-central1-getUserStatus" {"metadata":{"emulator":{"name":"functions"},"function":{"name":"us-central1-getUserStatus"},"extension":{},"message":"Beginning execution of \"us-central1-getUserStatus\""}}
[debug] [2025-06-08T16:23:50.469Z] [worker-us-central1-getUserStatus-eca0c6f5-4a03-446d-abda-3c2186771aef]: BUSY {"metadata":{"emulator":{"name":"functions"},"function":{"name":"us-central1-getUserStatus"},"extension":{},"message":"[worker-us-central1-getUserStatus-eca0c6f5-4a03-446d-abda-3c2186771aef]: BUSY"}}
[info] >  {"verifications":{"app":"MISSING","auth":"MISSING"},"logging.googleapis.com/labels":{"firebase-log-type":"callable-request-verification"},"severity":"DEBUG","message":"Callable request verification passed"} {"user":{"verifications":{"app":"MISSING","auth":"MISSING"},"logging.googleapis.com/labels":{"firebase-log-type":"callable-request-verification"},"severity":"DEBUG","message":"Callable request verification passed"},"metadata":{"emulator":{"name":"functions"},"function":{"name":"us-central1-getUserStatus"},"extension":{},"message":"\u001b[90m> \u001b[39m {\"verifications\":{\"app\":\"MISSING\",\"auth\":\"MISSING\"},\"logging.googleapis.com/labels\":{\"firebase-log-type\":\"callable-request-verification\"},\"severity\":\"DEBUG\",\"message\":\"Callable request verification passed\"}"}}
[debug] [2025-06-08T16:23:50.470Z] [runtime-status] [583143] No callable functions auth found {"metadata":{"emulator":{"name":"functions"},"function":{"name":"us-central1-getUserStatus"},"extension":{},"message":"[runtime-status] [583143] No callable functions auth found"}}
[debug] [2025-06-08T16:23:50.653Z] Finishing up request with event=pause {"metadata":{"emulator":{"name":"functions"},"function":{"name":"us-central1-getUserStatus"},"extension":{},"message":"Finishing up request with event=pause"}}
[info] i  functions: Finished "us-central1-getUserStatus" in 184.504006ms {"metadata":{"emulator":{"name":"functions"},"function":{"name":"us-central1-getUserStatus"},"extension":{},"message":"Finished \"us-central1-getUserStatus\" in 184.504006ms"}}
[debug] [2025-06-08T16:23:50.653Z] [worker-us-central1-getUserStatus-eca0c6f5-4a03-446d-abda-3c2186771aef]: IDLE {"metadata":{"emulator":{"name":"functions"},"function":{"name":"us-central1-getUserStatus"},"extension":{},"message":"[worker-us-central1-getUserStatus-eca0c6f5-4a03-446d-abda-3c2186771aef]: IDLE"}}
[debug] [2025-06-08T16:23:50.654Z] Finishing up request with event=finish {"metadata":{"emulator":{"name":"functions"},"function":{"name":"us-central1-getUserStatus"},"extension":{},"message":"Finishing up request with event=finish"}}
[debug] [2025-06-08T16:23:50.654Z] Finishing up request with event=close {"metadata":{"emulator":{"name":"functions"},"function":{"name":"us-central1-getUserStatus"},"extension":{},"message":"Finishing up request with event=close"}}
[debug] [2025-06-08T16:23:50.654Z] [work-queue] {"queuedWork":[],"queueLength":0,"runningWork":[],"workRunningCount":0}
[debug] [2025-06-09T23:59:26.864Z] [work-queue] {"queuedWork":["/titan-49df0/us-central1/getUserStatus-2025-06-09T23:59:26.860Z"],"queueLength":1,"runningWork":[],"workRunningCount":0}
[debug] [2025-06-09T23:59:26.877Z] [work-queue] {"queuedWork":[],"queueLength":0,"runningWork":["/titan-49df0/us-central1/getUserStatus-2025-06-09T23:59:26.860Z"],"workRunningCount":1}
[debug] [2025-06-09T23:59:26.879Z] Accepted request OPTIONS /titan-49df0/us-central1/getUserStatus --> us-central1-getUserStatus
[debug] [2025-06-09T23:59:26.891Z] [functions] Runtime ready! Sending request! {"metadata":{"emulator":{"name":"functions"},"message":"[functions] Runtime ready! Sending request!"}}
[debug] [2025-06-09T23:59:26.898Z] [functions] Got req.url=/titan-49df0/us-central1/getUserStatus, mapping to path=/ {"metadata":{"emulator":{"name":"functions"},"message":"[functions] Got req.url=/titan-49df0/us-central1/getUserStatus, mapping to path=/"}}
[debug] [2025-06-09T23:59:26.900Z] [worker-pool] submitRequest(triggerId=us-central1-getUserStatus) {"metadata":{"emulator":{"name":"functions"},"message":"[worker-pool] submitRequest(triggerId=us-central1-getUserStatus)"}}
[info] i  functions: Beginning execution of "us-central1-getUserStatus" {"metadata":{"emulator":{"name":"functions"},"function":{"name":"us-central1-getUserStatus"},"extension":{},"message":"Beginning execution of \"us-central1-getUserStatus\""}}
[debug] [2025-06-09T23:59:26.905Z] [worker-us-central1-getUserStatus-eca0c6f5-4a03-446d-abda-3c2186771aef]: BUSY {"metadata":{"emulator":{"name":"functions"},"function":{"name":"us-central1-getUserStatus"},"extension":{},"message":"[worker-us-central1-getUserStatus-eca0c6f5-4a03-446d-abda-3c2186771aef]: BUSY"}}
[debug] [2025-06-09T23:59:26.952Z] Finishing up request with event=pause {"metadata":{"emulator":{"name":"functions"},"function":{"name":"us-central1-getUserStatus"},"extension":{},"message":"Finishing up request with event=pause"}}
[info] i  functions: Finished "us-central1-getUserStatus" in 47.229223ms {"metadata":{"emulator":{"name":"functions"},"function":{"name":"us-central1-getUserStatus"},"extension":{},"message":"Finished \"us-central1-getUserStatus\" in 47.229223ms"}}
[debug] [2025-06-09T23:59:26.953Z] [worker-us-central1-getUserStatus-eca0c6f5-4a03-446d-abda-3c2186771aef]: IDLE {"metadata":{"emulator":{"name":"functions"},"function":{"name":"us-central1-getUserStatus"},"extension":{},"message":"[worker-us-central1-getUserStatus-eca0c6f5-4a03-446d-abda-3c2186771aef]: IDLE"}}
[debug] [2025-06-09T23:59:26.953Z] Finishing up request with event=finish {"metadata":{"emulator":{"name":"functions"},"function":{"name":"us-central1-getUserStatus"},"extension":{},"message":"Finishing up request with event=finish"}}
[debug] [2025-06-09T23:59:26.953Z] Finishing up request with event=close {"metadata":{"emulator":{"name":"functions"},"function":{"name":"us-central1-getUserStatus"},"extension":{},"message":"Finishing up request with event=close"}}
[debug] [2025-06-09T23:59:26.953Z] [work-queue] {"queuedWork":[],"queueLength":0,"runningWork":[],"workRunningCount":0}
[debug] [2025-06-09T23:59:26.955Z] [work-queue] {"queuedWork":["/titan-49df0/us-central1/getUserStatus-2025-06-09T23:59:26.955Z"],"queueLength":1,"runningWork":[],"workRunningCount":0}
[debug] [2025-06-09T23:59:26.955Z] [work-queue] {"queuedWork":[],"queueLength":0,"runningWork":["/titan-49df0/us-central1/getUserStatus-2025-06-09T23:59:26.955Z"],"workRunningCount":1}
[debug] [2025-06-09T23:59:26.955Z] Accepted request POST /titan-49df0/us-central1/getUserStatus --> us-central1-getUserStatus
[debug] [2025-06-09T23:59:26.956Z] [functions] Runtime ready! Sending request! {"metadata":{"emulator":{"name":"functions"},"message":"[functions] Runtime ready! Sending request!"}}
[debug] [2025-06-09T23:59:26.956Z] [functions] Got req.url=/titan-49df0/us-central1/getUserStatus, mapping to path=/ {"metadata":{"emulator":{"name":"functions"},"message":"[functions] Got req.url=/titan-49df0/us-central1/getUserStatus, mapping to path=/"}}
[debug] [2025-06-09T23:59:26.956Z] [worker-pool] submitRequest(triggerId=us-central1-getUserStatus) {"metadata":{"emulator":{"name":"functions"},"message":"[worker-pool] submitRequest(triggerId=us-central1-getUserStatus)"}}
[info] i  functions: Beginning execution of "us-central1-getUserStatus" {"metadata":{"emulator":{"name":"functions"},"function":{"name":"us-central1-getUserStatus"},"extension":{},"message":"Beginning execution of \"us-central1-getUserStatus\""}}
[debug] [2025-06-09T23:59:26.956Z] [worker-us-central1-getUserStatus-eca0c6f5-4a03-446d-abda-3c2186771aef]: BUSY {"metadata":{"emulator":{"name":"functions"},"function":{"name":"us-central1-getUserStatus"},"extension":{},"message":"[worker-us-central1-getUserStatus-eca0c6f5-4a03-446d-abda-3c2186771aef]: BUSY"}}
[info] >  {"verifications":{"app":"MISSING","auth":"MISSING"},"logging.googleapis.com/labels":{"firebase-log-type":"callable-request-verification"},"severity":"DEBUG","message":"Callable request verification passed"} {"user":{"verifications":{"app":"MISSING","auth":"MISSING"},"logging.googleapis.com/labels":{"firebase-log-type":"callable-request-verification"},"severity":"DEBUG","message":"Callable request verification passed"},"metadata":{"emulator":{"name":"functions"},"function":{"name":"us-central1-getUserStatus"},"extension":{},"message":"\u001b[90m> \u001b[39m {\"verifications\":{\"app\":\"MISSING\",\"auth\":\"MISSING\"},\"logging.googleapis.com/labels\":{\"firebase-log-type\":\"callable-request-verification\"},\"severity\":\"DEBUG\",\"message\":\"Callable request verification passed\"}"}}
[debug] [2025-06-09T23:59:26.974Z] [runtime-status] [583143] No callable functions auth found {"metadata":{"emulator":{"name":"functions"},"function":{"name":"us-central1-getUserStatus"},"extension":{},"message":"[runtime-status] [583143] No callable functions auth found"}}
[debug] [2025-06-09T23:59:27.432Z] Finishing up request with event=pause {"metadata":{"emulator":{"name":"functions"},"function":{"name":"us-central1-getUserStatus"},"extension":{},"message":"Finishing up request with event=pause"}}
[info] i  functions: Finished "us-central1-getUserStatus" in 475.92526ms {"metadata":{"emulator":{"name":"functions"},"function":{"name":"us-central1-getUserStatus"},"extension":{},"message":"Finished \"us-central1-getUserStatus\" in 475.92526ms"}}
[debug] [2025-06-09T23:59:27.432Z] [worker-us-central1-getUserStatus-eca0c6f5-4a03-446d-abda-3c2186771aef]: IDLE {"metadata":{"emulator":{"name":"functions"},"function":{"name":"us-central1-getUserStatus"},"extension":{},"message":"[worker-us-central1-getUserStatus-eca0c6f5-4a03-446d-abda-3c2186771aef]: IDLE"}}
[debug] [2025-06-09T23:59:27.432Z] Finishing up request with event=finish {"metadata":{"emulator":{"name":"functions"},"function":{"name":"us-central1-getUserStatus"},"extension":{},"message":"Finishing up request with event=finish"}}
[debug] [2025-06-09T23:59:27.432Z] Finishing up request with event=close {"metadata":{"emulator":{"name":"functions"},"function":{"name":"us-central1-getUserStatus"},"extension":{},"message":"Finishing up request with event=close"}}
[debug] [2025-06-09T23:59:27.432Z] [work-queue] {"queuedWork":[],"queueLength":0,"runningWork":[],"workRunningCount":0}
